This file contains any messages produced by compilers while
running configure, to aid debugging if configure makes a mistake.

It was created by data_binding_poc_vala configure 0.0, which was
generated by GNU Autoconf 2.69.  Invocation command line was

  $ ./configure 

## --------- ##
## Platform. ##
## --------- ##

hostname = localhost.localdomain
uname -m = x86_64
uname -r = 4.6.3-300.fc24.x86_64
uname -s = Linux
uname -v = #1 SMP Fri Jun 24 20:52:41 UTC 2016

/usr/bin/uname -p = x86_64
/bin/uname -X     = unknown

/bin/arch              = x86_64
/usr/bin/arch -k       = unknown
/usr/convex/getsysinfo = unknown
/usr/bin/hostinfo      = unknown
/bin/machine           = unknown
/usr/bin/oslevel       = unknown
/bin/universe          = unknown

PATH: /usr/lib64/qt-3.3/bin
PATH: /usr/local/sbin
PATH: /usr/local/bin
PATH: /usr/sbin
PATH: /usr/bin


## ----------- ##
## Core tests. ##
## ----------- ##

configure:1911: checking for a BSD-compatible install
configure:1979: result: /usr/bin/install -c
configure:1990: checking whether build environment is sane
configure:2045: result: yes
configure:2196: checking for a thread-safe mkdir -p
configure:2235: result: /usr/bin/mkdir -p
configure:2242: checking for gawk
configure:2258: found /usr/bin/gawk
configure:2269: result: gawk
configure:2280: checking whether make sets $(MAKE)
configure:2302: result: yes
configure:2331: checking whether make supports nested variables
configure:2348: result: yes
configure:2477: checking for valac
configure:2495: found /usr/bin/valac
configure:2508: result: /usr/bin/valac
configure:2517: checking whether /usr/bin/valac is at least version 0.24
configure:2525: result: yes
configure:2558: checking for style of include used by make
configure:2586: result: GNU
configure:2657: checking for gcc
configure:2673: found /usr/bin/gcc
configure:2684: result: gcc
configure:2913: checking for C compiler version
configure:2922: gcc --version >&5
gcc (GCC) 6.1.1 20160621 (Red Hat 6.1.1-3)
Copyright (C) 2016 Free Software Foundation, Inc.
This is free software; see the source for copying conditions.  There is NO
warranty; not even for MERCHANTABILITY or FITNESS FOR A PARTICULAR PURPOSE.

configure:2933: $? = 0
configure:2922: gcc -v >&5
Using built-in specs.
COLLECT_GCC=gcc
COLLECT_LTO_WRAPPER=/usr/libexec/gcc/x86_64-redhat-linux/6.1.1/lto-wrapper
Target: x86_64-redhat-linux
Configured with: ../configure --enable-bootstrap --enable-languages=c,c++,objc,obj-c++,fortran,ada,go,lto --prefix=/usr --mandir=/usr/share/man --infodir=/usr/share/info --with-bugurl=http://bugzilla.redhat.com/bugzilla --enable-shared --enable-threads=posix --enable-checking=release --enable-multilib --with-system-zlib --enable-__cxa_atexit --disable-libunwind-exceptions --enable-gnu-unique-object --enable-linker-build-id --with-linker-hash-style=gnu --enable-plugin --enable-initfini-array --disable-libgcj --with-isl --enable-libmpx --enable-gnu-indirect-function --with-tune=generic --with-arch_32=i686 --build=x86_64-redhat-linux
Thread model: posix
gcc version 6.1.1 20160621 (Red Hat 6.1.1-3) (GCC) 
configure:2933: $? = 0
configure:2922: gcc -V >&5
gcc: error: unrecognized command line option '-V'
gcc: fatal error: no input files
compilation terminated.
configure:2933: $? = 1
configure:2922: gcc -qversion >&5
gcc: error: unrecognized command line option '-qversion'; did you mean '--version'?
gcc: fatal error: no input files
compilation terminated.
configure:2933: $? = 1
configure:2953: checking whether the C compiler works
configure:2975: gcc    conftest.c  >&5
configure:2979: $? = 0
configure:3027: result: yes
configure:3030: checking for C compiler default output file name
configure:3032: result: a.out
configure:3038: checking for suffix of executables
configure:3045: gcc -o conftest    conftest.c  >&5
configure:3049: $? = 0
configure:3071: result: 
configure:3093: checking whether we are cross compiling
configure:3101: gcc -o conftest    conftest.c  >&5
configure:3105: $? = 0
configure:3112: ./conftest
configure:3116: $? = 0
configure:3131: result: no
configure:3136: checking for suffix of object files
configure:3158: gcc -c   conftest.c >&5
configure:3162: $? = 0
configure:3183: result: o
configure:3187: checking whether we are using the GNU C compiler
configure:3206: gcc -c   conftest.c >&5
configure:3206: $? = 0
configure:3215: result: yes
configure:3224: checking whether gcc accepts -g
configure:3244: gcc -c -g  conftest.c >&5
configure:3244: $? = 0
configure:3285: result: yes
configure:3302: checking for gcc option to accept ISO C89
configure:3365: gcc  -c -g -O2  conftest.c >&5
configure:3365: $? = 0
configure:3378: result: none needed
configure:3403: checking whether gcc understands -c and -o together
configure:3425: gcc -c conftest.c -o conftest2.o
configure:3428: $? = 0
configure:3425: gcc -c conftest.c -o conftest2.o
configure:3428: $? = 0
configure:3440: result: yes
configure:3459: checking dependency style of gcc
configure:3570: result: gcc3
configure:3646: checking for pkg-config
configure:3664: found /usr/bin/pkg-config
configure:3676: result: /usr/bin/pkg-config
configure:3701: checking pkg-config is at least version 0.9.0
configure:3704: result: yes
configure:3714: checking for data_binding_poc_vala_U
configure:3725: $PKG_CONFIG --exists --print-errors "
  glib-2.0 >= $GLIB_REQUIRED
  gobject-2.0 >= $GOBJ_REQUIRED
  gtk+-3.0 >= $GTK_REQUIRED
"
configure:3732: $? = 0
configure:3754: $PKG_CONFIG --exists --print-errors "
  glib-2.0 >= $GLIB_REQUIRED
  gobject-2.0 >= $GOBJ_REQUIRED
  gtk+-3.0 >= $GTK_REQUIRED
"
configure:3761: $? = 0
configure:3835: result: yes
configure:3990: checking that generated files are newer than configure
configure:3996: result: done
configure:4019: creating ./config.status

## ---------------------- ##
## Running config.status. ##
## ---------------------- ##

This file was extended by data_binding_poc_vala config.status 0.0, which was
generated by GNU Autoconf 2.69.  Invocation command line was

  CONFIG_FILES    = 
  CONFIG_HEADERS  = 
  CONFIG_LINKS    = 
  CONFIG_COMMANDS = 
  $ ./config.status 

on localhost.localdomain

config.status:783: creating Makefile
config.status:783: creating src/Makefile
config.status:955: executing depfiles commands

## ---------------- ##
## Cache variables. ##
## ---------------- ##

ac_cv_c_compiler_gnu=yes
ac_cv_env_CC_set=
ac_cv_env_CC_value=
ac_cv_env_CFLAGS_set=
ac_cv_env_CFLAGS_value=
ac_cv_env_CPPFLAGS_set=
ac_cv_env_CPPFLAGS_value=
ac_cv_env_LDFLAGS_set=
ac_cv_env_LDFLAGS_value=
ac_cv_env_LIBS_set=
ac_cv_env_LIBS_value=
ac_cv_env_PKG_CONFIG_LIBDIR_set=
ac_cv_env_PKG_CONFIG_LIBDIR_value=
ac_cv_env_PKG_CONFIG_PATH_set=
ac_cv_env_PKG_CONFIG_PATH_value=
ac_cv_env_PKG_CONFIG_set=
ac_cv_env_PKG_CONFIG_value=
ac_cv_env_build_alias_set=
ac_cv_env_build_alias_value=
ac_cv_env_data_binding_poc_vala_U_CFLAGS_set=
ac_cv_env_data_binding_poc_vala_U_CFLAGS_value=
ac_cv_env_data_binding_poc_vala_U_LIBS_set=
ac_cv_env_data_binding_poc_vala_U_LIBS_value=
ac_cv_env_host_alias_set=
ac_cv_env_host_alias_value=
ac_cv_env_target_alias_set=
ac_cv_env_target_alias_value=
ac_cv_objext=o
ac_cv_path_VALAC=/usr/bin/valac
ac_cv_path_ac_pt_PKG_CONFIG=/usr/bin/pkg-config
ac_cv_path_install='/usr/bin/install -c'
ac_cv_path_mkdir=/usr/bin/mkdir
ac_cv_prog_AWK=gawk
ac_cv_prog_ac_ct_CC=gcc
ac_cv_prog_cc_c89=
ac_cv_prog_cc_g=yes
ac_cv_prog_make_make_set=yes
am_cv_CC_dependencies_compiler_type=gcc3
am_cv_make_support_nested_variables=yes
am_cv_prog_cc_c_o=yes
pkg_cv_data_binding_poc_vala_U_CFLAGS='-pthread -I/usr/include/gtk-3.0 -I/usr/include/at-spi2-atk/2.0 -I/usr/include/at-spi-2.0 -I/usr/include/dbus-1.0 -I/usr/lib64/dbus-1.0/include -I/usr/include/gtk-3.0 -I/usr/include/gio-unix-2.0/ -I/usr/include/cairo -I/usr/include/pango-1.0 -I/usr/include/harfbuzz -I/usr/include/pango-1.0 -I/usr/include/atk-1.0 -I/usr/include/cairo -I/usr/include/pixman-1 -I/usr/include/freetype2 -I/usr/include/libpng16 -I/usr/include/freetype2 -I/usr/include/libdrm -I/usr/include/libpng16 -I/usr/include/gdk-pixbuf-2.0 -I/usr/include/libpng16 -I/usr/include/glib-2.0 -I/usr/lib64/glib-2.0/include'
pkg_cv_data_binding_poc_vala_U_LIBS='-lgtk-3 -lgdk-3 -lpangocairo-1.0 -lpango-1.0 -latk-1.0 -lcairo-gobject -lcairo -lgdk_pixbuf-2.0 -lgio-2.0 -lgobject-2.0 -lglib-2.0'

## ----------------- ##
## Output variables. ##
## ----------------- ##

ACLOCAL='${SHELL} /home/public/Projects/data_binding_poc_vala/missing aclocal-1.15'
AMDEPBACKSLASH='\'
AMDEP_FALSE='#'
AMDEP_TRUE=''
AMTAR='$${TAR-tar}'
AM_BACKSLASH='\'
AM_DEFAULT_V='$(AM_DEFAULT_VERBOSITY)'
AM_DEFAULT_VERBOSITY='1'
AM_V='$(V)'
AUTOCONF='${SHELL} /home/public/Projects/data_binding_poc_vala/missing autoconf'
AUTOHEADER='${SHELL} /home/public/Projects/data_binding_poc_vala/missing autoheader'
AUTOMAKE='${SHELL} /home/public/Projects/data_binding_poc_vala/missing automake-1.15'
AWK='gawk'
CC='gcc'
CCDEPMODE='depmode=gcc3'
CFLAGS='-g -O2'
CPPFLAGS=''
CYGPATH_W='echo'
DEFS='-DPACKAGE_NAME=\"data_binding_poc_vala\" -DPACKAGE_TARNAME=\"data_binding_poc_vala\" -DPACKAGE_VERSION=\"0.0\" -DPACKAGE_STRING=\"data_binding_poc_vala\ 0.0\" -DPACKAGE_BUGREPORT=\"\" -DPACKAGE_URL=\"\" -DPACKAGE=\"data_binding_poc_vala\" -DVERSION=\"0.0\"'
DEPDIR='.deps'
ECHO_C=''
ECHO_N='-n'
ECHO_T=''
EXEEXT=''
GLIB_REQUIRED='2.0.0'
INSTALL_DATA='${INSTALL} -m 644'
INSTALL_PROGRAM='${INSTALL}'
INSTALL_SCRIPT='${INSTALL}'
INSTALL_STRIP_PROGRAM='$(install_sh) -c -s'
LDFLAGS=''
LIBOBJS=''
LIBS=''
LTLIBOBJS=''
MAKEINFO='${SHELL} /home/public/Projects/data_binding_poc_vala/missing makeinfo'
MKDIR_P='/usr/bin/mkdir -p'
OBJEXT='o'
PACKAGE='data_binding_poc_vala'
PACKAGE_BUGREPORT=''
PACKAGE_NAME='data_binding_poc_vala'
PACKAGE_STRING='data_binding_poc_vala 0.0'
PACKAGE_TARNAME='data_binding_poc_vala'
PACKAGE_URL=''
PACKAGE_VERSION='0.0'
PATH_SEPARATOR=':'
PKG_CONFIG='/usr/bin/pkg-config'
PKG_CONFIG_LIBDIR=''
PKG_CONFIG_PATH=''
SET_MAKE=''
SHELL='/bin/sh'
STRIP=''
VALAC='/usr/bin/valac'
VERSION='0.0'
ac_ct_CC='gcc'
am__EXEEXT_FALSE=''
am__EXEEXT_TRUE='#'
am__fastdepCC_FALSE='#'
am__fastdepCC_TRUE=''
am__include='include'
am__isrc=''
am__leading_dot='.'
am__nodep='_no'
am__quote=''
am__tar='$${TAR-tar} chof - "$$tardir"'
am__untar='$${TAR-tar} xf -'
bindir='${exec_prefix}/bin'
build_alias=''
data_binding_poc_vala_U_CFLAGS='-pthread -I/usr/include/gtk-3.0 -I/usr/include/at-spi2-atk/2.0 -I/usr/include/at-spi-2.0 -I/usr/include/dbus-1.0 -I/usr/lib64/dbus-1.0/include -I/usr/include/gtk-3.0 -I/usr/include/gio-unix-2.0/ -I/usr/include/cairo -I/usr/include/pango-1.0 -I/usr/include/harfbuzz -I/usr/include/pango-1.0 -I/usr/include/atk-1.0 -I/usr/include/cairo -I/usr/include/pixman-1 -I/usr/include/freetype2 -I/usr/include/libpng16 -I/usr/include/freetype2 -I/usr/include/libdrm -I/usr/include/libpng16 -I/usr/include/gdk-pixbuf-2.0 -I/usr/include/libpng16 -I/usr/include/glib-2.0 -I/usr/lib64/glib-2.0/include'
data_binding_poc_vala_U_LIBS='-lgtk-3 -lgdk-3 -lpangocairo-1.0 -lpango-1.0 -latk-1.0 -lcairo-gobject -lcairo -lgdk_pixbuf-2.0 -lgio-2.0 -lgobject-2.0 -lglib-2.0'
datadir='${datarootdir}'
datarootdir='${prefix}/share'
docdir='${datarootdir}/doc/${PACKAGE_TARNAME}'
dvidir='${docdir}'
exec_prefix='${prefix}'
host_alias=''
htmldir='${docdir}'
includedir='${prefix}/include'
infodir='${datarootdir}/info'
install_sh='${SHELL} /home/public/Projects/data_binding_poc_vala/install-sh'
libdir='${exec_prefix}/lib'
libexecdir='${exec_prefix}/libexec'
localedir='${datarootdir}/locale'
localstatedir='${prefix}/var'
mandir='${datarootdir}/man'
mkdir_p='$(MKDIR_P)'
oldincludedir='/usr/include'
pdfdir='${docdir}'
prefix='/usr/local'
program_transform_name='s,x,x,'
psdir='${docdir}'
sbindir='${exec_prefix}/sbin'
sharedstatedir='${prefix}/com'
sysconfdir='${prefix}/etc'
target_alias=''

## ----------- ##
## confdefs.h. ##
## ----------- ##

/* confdefs.h */
#define PACKAGE_NAME "data_binding_poc_vala"
#define PACKAGE_TARNAME "data_binding_poc_vala"
#define PACKAGE_VERSION "0.0"
#define PACKAGE_STRING "data_binding_poc_vala 0.0"
#define PACKAGE_BUGREPORT ""
#define PACKAGE_URL ""
#define PACKAGE "data_binding_poc_vala"
#define VERSION "0.0"

configure: exit 0
